[debug] [2018-09-15T09:25:57.124Z] ----------------------------------------------------------------------
[debug] [2018-09-15T09:25:57.126Z] Command:       C:\Program Files\nodejs\node.exe C:\Users\Danish Shah\AppData\Roaming\npm\node_modules\firebase-tools\bin\firebase serve
[debug] [2018-09-15T09:25:57.126Z] CLI Version:   4.0.2
[debug] [2018-09-15T09:25:57.126Z] Platform:      win32
[debug] [2018-09-15T09:25:57.126Z] Node Version:  v10.9.0
[debug] [2018-09-15T09:25:57.127Z] Time:          Sat Sep 15 2018 14:55:57 GMT+0530 (India Standard Time)
[debug] [2018-09-15T09:25:57.127Z] ----------------------------------------------------------------------
[debug] 
[debug] [2018-09-15T09:25:57.213Z] > command requires scopes: ["email","openid","https://www.googleapis.com/auth/cloudplatformprojects.readonly","https://www.googleapis.com/auth/firebase","https://www.googleapis.com/auth/cloud-platform"]
[debug] [2018-09-15T09:25:57.214Z] > authorizing via signed-in user
[debug] [2018-09-15T09:25:57.217Z] > refreshing access token with scopes: ["email","https://www.googleapis.com/auth/cloud-platform","https://www.googleapis.com/auth/cloudplatformprojects.readonly","https://www.googleapis.com/auth/firebase","openid"]
[debug] [2018-09-15T09:25:57.217Z] >>> HTTP REQUEST POST https://www.googleapis.com/oauth2/v3/token  
 { refresh_token: '1/D_YVCdWk-gR49rOcmF0hxWZiFi3JgsPrMC14cBItUP0',
  client_id:
   '563584335869-fgrhgmd47bqnekij5i8b5pr03ho849e6.apps.googleusercontent.com',
  client_secret: 'j9iVZfS8kkCEFUPaAeJV0sAi',
  grant_type: 'refresh_token',
  scope:
   'email https://www.googleapis.com/auth/cloud-platform https://www.googleapis.com/auth/cloudplatformprojects.readonly https://www.googleapis.com/auth/firebase openid' } 
 Sat Sep 15 2018 14:55:57 GMT+0530 (India Standard Time)
[debug] [2018-09-15T09:25:57.639Z] <<< HTTP RESPONSE 200
[debug] [2018-09-15T09:25:57.706Z] >>> HTTP REQUEST GET https://admin.firebase.com/v1/projects/carry-this-too-1  
  
 Sat Sep 15 2018 14:55:57 GMT+0530 (India Standard Time)
[debug] [2018-09-15T09:26:00.162Z] <<< HTTP RESPONSE 200
[debug] [2018-09-15T09:26:00.162Z] >>> HTTP REQUEST GET https://admin.firebase.com/v1/database/carry-this-too-1/tokens  
  
 Sat Sep 15 2018 14:56:00 GMT+0530 (India Standard Time)
[debug] [2018-09-15T09:26:01.218Z] <<< HTTP RESPONSE 200
[debug] [2018-09-15T09:26:01.219Z] >>> HTTP REQUEST GET https://cloudresourcemanager.googleapis.com/v1/projects/carry-this-too-1  
  
 Sat Sep 15 2018 14:56:01 GMT+0530 (India Standard Time)
[debug] [2018-09-15T09:26:03.029Z] <<< HTTP RESPONSE 200
[info] 
[info] === Serving from 'D:\Project\Web\CarryThisTooAdmin'...
[info] 
[warn] !  functions: Cannot start emulator. Error: Cannot find module '@google-cloud/functions-emulator/src/config'
[debug] [2018-09-15T09:26:03.141Z] >>> HTTP REQUEST GET https://mobilesdk-pa.googleapis.com/v1/projects/534635995761/clients/_:getWebAppConfig  
  
 Sat Sep 15 2018 14:56:03 GMT+0530 (India Standard Time)
[debug] [2018-09-15T09:26:03.852Z] <<< HTTP RESPONSE 200
[info] i  hosting: Serving hosting files from: ./
[info] +  hosting: Local server: http://localhost:5000

[debug] [2018-09-16T09:40:42.446Z] ----------------------------------------------------------------------
[debug] [2018-09-16T09:40:42.449Z] Command:       C:\Program Files\nodejs\node.exe C:\Users\Danish Shah\AppData\Roaming\npm\node_modules\firebase-tools\bin\firebase serve
[debug] [2018-09-16T09:40:42.449Z] CLI Version:   4.0.2
[debug] [2018-09-16T09:40:42.449Z] Platform:      win32
[debug] [2018-09-16T09:40:42.449Z] Node Version:  v10.9.0
[debug] [2018-09-16T09:40:42.450Z] Time:          Sun Sep 16 2018 15:10:42 GMT+0530 (India Standard Time)
[debug] [2018-09-16T09:40:42.450Z] ----------------------------------------------------------------------
[debug] 
[debug] [2018-09-16T09:40:42.695Z] > command requires scopes: ["email","openid","https://www.googleapis.com/auth/cloudplatformprojects.readonly","https://www.googleapis.com/auth/firebase","https://www.googleapis.com/auth/cloud-platform"]
[debug] [2018-09-16T09:40:42.696Z] > authorizing via signed-in user
[debug] [2018-09-16T09:40:42.698Z] > refreshing access token with scopes: ["email","https://www.googleapis.com/auth/cloud-platform","https://www.googleapis.com/auth/cloudplatformprojects.readonly","https://www.googleapis.com/auth/firebase","openid"]
[debug] [2018-09-16T09:40:42.698Z] >>> HTTP REQUEST POST https://www.googleapis.com/oauth2/v3/token  
 { refresh_token: '1/D_YVCdWk-gR49rOcmF0hxWZiFi3JgsPrMC14cBItUP0',
  client_id:
   '563584335869-fgrhgmd47bqnekij5i8b5pr03ho849e6.apps.googleusercontent.com',
  client_secret: 'j9iVZfS8kkCEFUPaAeJV0sAi',
  grant_type: 'refresh_token',
  scope:
   'email https://www.googleapis.com/auth/cloud-platform https://www.googleapis.com/auth/cloudplatformprojects.readonly https://www.googleapis.com/auth/firebase openid' } 
 Sun Sep 16 2018 15:10:42 GMT+0530 (India Standard Time)
[debug] [2018-09-16T09:40:43.049Z] <<< HTTP RESPONSE 200
[debug] [2018-09-16T09:40:43.130Z] >>> HTTP REQUEST GET https://admin.firebase.com/v1/projects/carry-this-too-1  
  
 Sun Sep 16 2018 15:10:43 GMT+0530 (India Standard Time)
[debug] [2018-09-16T09:40:44.428Z] <<< HTTP RESPONSE 200
[debug] [2018-09-16T09:40:44.428Z] >>> HTTP REQUEST GET https://admin.firebase.com/v1/database/carry-this-too-1/tokens  
  
 Sun Sep 16 2018 15:10:44 GMT+0530 (India Standard Time)
[debug] [2018-09-16T09:40:45.420Z] <<< HTTP RESPONSE 200
[debug] [2018-09-16T09:40:45.422Z] >>> HTTP REQUEST GET https://cloudresourcemanager.googleapis.com/v1/projects/carry-this-too-1  
  
 Sun Sep 16 2018 15:10:45 GMT+0530 (India Standard Time)
[debug] [2018-09-16T09:40:47.160Z] <<< HTTP RESPONSE 200
[info] 
[info] === Serving from 'D:\Project\Web\CarryThisTooAdmin'...
[info] 
[warn] !  functions: Cannot start emulator. Error: Cannot find module '@google-cloud/functions-emulator/src/config'
[debug] [2018-09-16T09:40:47.277Z] >>> HTTP REQUEST GET https://mobilesdk-pa.googleapis.com/v1/projects/534635995761/clients/_:getWebAppConfig  
  
 Sun Sep 16 2018 15:10:47 GMT+0530 (India Standard Time)
[debug] [2018-09-16T09:40:47.775Z] <<< HTTP RESPONSE 200
[info] i  hosting: Serving hosting files from: ./
[info] +  hosting: Local server: http://localhost:5000

[debug] [2018-09-17T11:13:13.473Z] ----------------------------------------------------------------------
[debug] [2018-09-17T11:13:13.476Z] Command:       C:\Program Files\nodejs\node.exe C:\Users\Danish Shah\AppData\Roaming\npm\node_modules\firebase-tools\bin\firebase serve
[debug] [2018-09-17T11:13:13.476Z] CLI Version:   4.0.2
[debug] [2018-09-17T11:13:13.476Z] Platform:      win32
[debug] [2018-09-17T11:13:13.476Z] Node Version:  v10.9.0
[debug] [2018-09-17T11:13:13.477Z] Time:          Mon Sep 17 2018 16:43:13 GMT+0530 (India Standard Time)
[debug] [2018-09-17T11:13:13.478Z] ----------------------------------------------------------------------
[debug] 
[debug] [2018-09-17T11:13:13.876Z] > command requires scopes: ["email","openid","https://www.googleapis.com/auth/cloudplatformprojects.readonly","https://www.googleapis.com/auth/firebase","https://www.googleapis.com/auth/cloud-platform"]
[debug] [2018-09-17T11:13:13.877Z] > authorizing via signed-in user
[debug] [2018-09-17T11:13:13.880Z] > refreshing access token with scopes: ["email","https://www.googleapis.com/auth/cloud-platform","https://www.googleapis.com/auth/cloudplatformprojects.readonly","https://www.googleapis.com/auth/firebase","openid"]
[debug] [2018-09-17T11:13:13.881Z] >>> HTTP REQUEST POST https://www.googleapis.com/oauth2/v3/token  
 { refresh_token: '1/D_YVCdWk-gR49rOcmF0hxWZiFi3JgsPrMC14cBItUP0',
  client_id:
   '563584335869-fgrhgmd47bqnekij5i8b5pr03ho849e6.apps.googleusercontent.com',
  client_secret: 'j9iVZfS8kkCEFUPaAeJV0sAi',
  grant_type: 'refresh_token',
  scope:
   'email https://www.googleapis.com/auth/cloud-platform https://www.googleapis.com/auth/cloudplatformprojects.readonly https://www.googleapis.com/auth/firebase openid' } 
 Mon Sep 17 2018 16:43:13 GMT+0530 (India Standard Time)
[debug] [2018-09-17T11:13:14.218Z] <<< HTTP RESPONSE 200
[debug] [2018-09-17T11:13:14.837Z] >>> HTTP REQUEST GET https://admin.firebase.com/v1/projects/carry-this-too-1  
  
 Mon Sep 17 2018 16:43:14 GMT+0530 (India Standard Time)
[debug] [2018-09-17T11:13:16.334Z] <<< HTTP RESPONSE 200
[debug] [2018-09-17T11:13:16.335Z] >>> HTTP REQUEST GET https://admin.firebase.com/v1/database/carry-this-too-1/tokens  
  
 Mon Sep 17 2018 16:43:16 GMT+0530 (India Standard Time)
[debug] [2018-09-17T11:13:17.415Z] <<< HTTP RESPONSE 200
[debug] [2018-09-17T11:13:17.416Z] >>> HTTP REQUEST GET https://cloudresourcemanager.googleapis.com/v1/projects/carry-this-too-1  
  
 Mon Sep 17 2018 16:43:17 GMT+0530 (India Standard Time)
[debug] [2018-09-17T11:13:19.262Z] <<< HTTP RESPONSE 200
[info] 
[info] === Serving from 'D:\Project\Web\CarryThisTooAdmin'...
[info] 
[warn] !  functions: Cannot start emulator. Error: Cannot find module '@google-cloud/functions-emulator/src/config'
[debug] [2018-09-17T11:13:19.388Z] >>> HTTP REQUEST GET https://mobilesdk-pa.googleapis.com/v1/projects/534635995761/clients/_:getWebAppConfig  
  
 Mon Sep 17 2018 16:43:19 GMT+0530 (India Standard Time)
[debug] [2018-09-17T11:13:19.976Z] <<< HTTP RESPONSE 200
[info] i  hosting: Serving hosting files from: ./
[info] +  hosting: Local server: http://localhost:5000

[debug] [2018-09-17T16:55:13.832Z] ----------------------------------------------------------------------
[debug] [2018-09-17T16:55:13.833Z] Command:       C:\Program Files\nodejs\node.exe C:\Users\Danish Shah\AppData\Roaming\npm\node_modules\firebase-tools\bin\firebase serve
[debug] [2018-09-17T16:55:13.834Z] CLI Version:   4.0.2
[debug] [2018-09-17T16:55:13.834Z] Platform:      win32
[debug] [2018-09-17T16:55:13.834Z] Node Version:  v10.9.0
[debug] [2018-09-17T16:55:13.835Z] Time:          Mon Sep 17 2018 22:25:13 GMT+0530 (India Standard Time)
[debug] [2018-09-17T16:55:13.835Z] ----------------------------------------------------------------------
[debug] 
[debug] [2018-09-17T16:55:13.848Z] > command requires scopes: ["email","openid","https://www.googleapis.com/auth/cloudplatformprojects.readonly","https://www.googleapis.com/auth/firebase","https://www.googleapis.com/auth/cloud-platform"]
[debug] [2018-09-17T16:55:13.849Z] > authorizing via signed-in user
[debug] [2018-09-17T16:55:13.852Z] > refreshing access token with scopes: ["email","https://www.googleapis.com/auth/cloud-platform","https://www.googleapis.com/auth/cloudplatformprojects.readonly","https://www.googleapis.com/auth/firebase","openid"]
[debug] [2018-09-17T16:55:13.852Z] >>> HTTP REQUEST POST https://www.googleapis.com/oauth2/v3/token  
 { refresh_token: '1/D_YVCdWk-gR49rOcmF0hxWZiFi3JgsPrMC14cBItUP0',
  client_id:
   '563584335869-fgrhgmd47bqnekij5i8b5pr03ho849e6.apps.googleusercontent.com',
  client_secret: 'j9iVZfS8kkCEFUPaAeJV0sAi',
  grant_type: 'refresh_token',
  scope:
   'email https://www.googleapis.com/auth/cloud-platform https://www.googleapis.com/auth/cloudplatformprojects.readonly https://www.googleapis.com/auth/firebase openid' } 
 Mon Sep 17 2018 22:25:13 GMT+0530 (India Standard Time)
[debug] [2018-09-17T16:55:14.344Z] <<< HTTP RESPONSE 200
[debug] [2018-09-17T16:55:14.464Z] >>> HTTP REQUEST GET https://admin.firebase.com/v1/projects/carry-this-too-1  
  
 Mon Sep 17 2018 22:25:14 GMT+0530 (India Standard Time)
[debug] [2018-09-17T16:55:16.957Z] <<< HTTP RESPONSE 200
[debug] [2018-09-17T16:55:16.957Z] >>> HTTP REQUEST GET https://admin.firebase.com/v1/database/carry-this-too-1/tokens  
  
 Mon Sep 17 2018 22:25:16 GMT+0530 (India Standard Time)
[debug] [2018-09-17T16:55:25.195Z] <<< HTTP RESPONSE 200
[debug] [2018-09-17T16:55:25.197Z] >>> HTTP REQUEST GET https://cloudresourcemanager.googleapis.com/v1/projects/carry-this-too-1  
  
 Mon Sep 17 2018 22:25:25 GMT+0530 (India Standard Time)
[debug] [2018-09-17T16:55:27.490Z] <<< HTTP RESPONSE 200
[info] 
[info] === Serving from 'D:\Project\Web\CarryThisTooAdmin'...
[info] 
[warn] !  functions: Cannot start emulator. Error: Cannot find module '@google-cloud/functions-emulator/src/config'
[debug] [2018-09-17T16:55:27.497Z] >>> HTTP REQUEST GET https://mobilesdk-pa.googleapis.com/v1/projects/534635995761/clients/_:getWebAppConfig  
  
 Mon Sep 17 2018 22:25:27 GMT+0530 (India Standard Time)
[debug] [2018-09-17T16:55:28.097Z] <<< HTTP RESPONSE 200
[info] i  hosting: Serving hosting files from: ./
[info] +  hosting: Local server: http://localhost:5000

